{"D:\\LATIHAN\\Git\\VueJS_Kristina-Rajagukguk\\16_Vue-Quality-Control\\Praktikum\\quality-control\\src\\components\\HelloWorld.vue": {"path":"D:\\LATIHAN\\Git\\VueJS_Kristina-Rajagukguk\\16_Vue-Quality-Control\\Praktikum\\quality-control\\src\\components\\HelloWorld.vue","statementMap":{"0":{"start":{"line":1,"column":0},"end":{"line":1,"column":null}}},"fnMap":{"0":{"name":"(anonymous_0)","decl":{"start":{"line":1,"column":0},"end":{"line":1,"column":null}},"loc":{"start":{"line":1,"column":0},"end":{"line":1,"column":null}}}},"branchMap":{},"s":{"0":6},"f":{"0":1},"b":{}}
,"D:\\LATIHAN\\Git\\VueJS_Kristina-Rajagukguk\\16_Vue-Quality-Control\\Praktikum\\quality-control\\src\\utils\\index.js": {"path":"D:\\LATIHAN\\Git\\VueJS_Kristina-Rajagukguk\\16_Vue-Quality-Control\\Praktikum\\quality-control\\src\\utils\\index.js","statementMap":{"0":{"start":{"line":1,"column":27},"end":{"line":3,"column":1}},"1":{"start":{"line":2,"column":2},"end":{"line":2,"column":21}},"2":{"start":{"line":4,"column":27},"end":{"line":6,"column":1}},"3":{"start":{"line":5,"column":2},"end":{"line":5,"column":21}},"4":{"start":{"line":7,"column":25},"end":{"line":9,"column":1}},"5":{"start":{"line":8,"column":2},"end":{"line":8,"column":21}},"6":{"start":{"line":10,"column":25},"end":{"line":12,"column":1}},"7":{"start":{"line":11,"column":2},"end":{"line":11,"column":21}},"8":{"start":{"line":13,"column":24},"end":{"line":15,"column":1}},"9":{"start":{"line":14,"column":2},"end":{"line":14,"column":21}},"10":{"start":{"line":16,"column":24},"end":{"line":18,"column":1}},"11":{"start":{"line":17,"column":2},"end":{"line":17,"column":48}},"12":{"start":{"line":19,"column":27},"end":{"line":21,"column":1}},"13":{"start":{"line":20,"column":2},"end":{"line":20,"column":23}},"14":{"start":{"line":22,"column":29},"end":{"line":24,"column":1}},"15":{"start":{"line":23,"column":2},"end":{"line":23,"column":22}},"16":{"start":{"line":26,"column":25},"end":{"line":28,"column":1}},"17":{"start":{"line":27,"column":2},"end":{"line":27,"column":27}},"18":{"start":{"line":30,"column":27},"end":{"line":32,"column":1}},"19":{"start":{"line":31,"column":2},"end":{"line":31,"column":31}}},"fnMap":{"0":{"name":"(anonymous_0)","decl":{"start":{"line":1,"column":27},"end":{"line":1,"column":28}},"loc":{"start":{"line":1,"column":43},"end":{"line":3,"column":1}},"line":1},"1":{"name":"(anonymous_1)","decl":{"start":{"line":4,"column":27},"end":{"line":4,"column":28}},"loc":{"start":{"line":4,"column":43},"end":{"line":6,"column":1}},"line":4},"2":{"name":"(anonymous_2)","decl":{"start":{"line":7,"column":25},"end":{"line":7,"column":26}},"loc":{"start":{"line":7,"column":41},"end":{"line":9,"column":1}},"line":7},"3":{"name":"(anonymous_3)","decl":{"start":{"line":10,"column":25},"end":{"line":10,"column":26}},"loc":{"start":{"line":10,"column":41},"end":{"line":12,"column":1}},"line":10},"4":{"name":"(anonymous_4)","decl":{"start":{"line":13,"column":24},"end":{"line":13,"column":25}},"loc":{"start":{"line":13,"column":40},"end":{"line":15,"column":1}},"line":13},"5":{"name":"(anonymous_5)","decl":{"start":{"line":16,"column":24},"end":{"line":16,"column":25}},"loc":{"start":{"line":16,"column":58},"end":{"line":18,"column":1}},"line":16},"6":{"name":"(anonymous_6)","decl":{"start":{"line":19,"column":27},"end":{"line":19,"column":28}},"loc":{"start":{"line":19,"column":45},"end":{"line":21,"column":1}},"line":19},"7":{"name":"(anonymous_7)","decl":{"start":{"line":22,"column":29},"end":{"line":22,"column":30}},"loc":{"start":{"line":22,"column":41},"end":{"line":24,"column":1}},"line":22},"8":{"name":"(anonymous_8)","decl":{"start":{"line":26,"column":25},"end":{"line":26,"column":26}},"loc":{"start":{"line":26,"column":43},"end":{"line":28,"column":1}},"line":26},"9":{"name":"(anonymous_9)","decl":{"start":{"line":30,"column":27},"end":{"line":30,"column":28}},"loc":{"start":{"line":30,"column":52},"end":{"line":32,"column":1}},"line":30}},"branchMap":{},"s":{"0":1,"1":3,"2":1,"3":3,"4":1,"5":3,"6":1,"7":3,"8":1,"9":3,"10":1,"11":3,"12":1,"13":3,"14":1,"15":3,"16":1,"17":3,"18":1,"19":3},"f":{"0":3,"1":3,"2":3,"3":3,"4":3,"5":3,"6":3,"7":3,"8":3,"9":3},"b":{},"_coverageSchema":"1a1c01bbd47fc00a2c39e90264f33305004495a9","hash":"1c98598d25f3e6d34a7478f833041a12381a65ce"}
}
